[debug] [2021-01-11T21:20:28.013Z] ----------------------------------------------------------------------
[debug] [2021-01-11T21:20:28.015Z] Command:       /usr/local/bin/node /usr/local/bin/firebase init hosting
[debug] [2021-01-11T21:20:28.015Z] CLI Version:   7.16.0
[debug] [2021-01-11T21:20:28.015Z] Platform:      darwin
[debug] [2021-01-11T21:20:28.015Z] Node Version:  v12.16.1
[debug] [2021-01-11T21:20:28.015Z] Time:          Mon Jan 11 2021 21:20:28 GMT+0000 (Greenwich Mean Time)
[debug] [2021-01-11T21:20:28.015Z] ----------------------------------------------------------------------
[debug] [2021-01-11T21:20:28.016Z] 
[debug] [2021-01-11T21:20:28.028Z] > command requires scopes: ["email","openid","https://www.googleapis.com/auth/cloudplatformprojects.readonly","https://www.googleapis.com/auth/firebase","https://www.googleapis.com/auth/cloud-platform"]
[debug] [2021-01-11T21:20:28.028Z] > authorizing via signed-in user
[info] 
     ######## #### ########  ######## ########     ###     ######  ########
     ##        ##  ##     ## ##       ##     ##  ##   ##  ##       ##
     ######    ##  ########  ######   ########  #########  ######  ######
     ##        ##  ##    ##  ##       ##     ## ##     ##       ## ##
     ##       #### ##     ## ######## ########  ##     ##  ######  ########

You're about to initialize a Firebase project in this directory:

  /Users/hakoneinarsson/Desktop/rafpro

[info] 
=== Project Setup
[info] 
[info] First, let's associate this project directory with a Firebase project.
[info] You can create multiple project aliases by running firebase use --add, 
[info] but for now we'll just set up a default project.
[info] 
[debug] [2021-01-11T21:20:31.832Z] > refreshing access token with scopes: ["email","https://www.googleapis.com/auth/cloud-platform","https://www.googleapis.com/auth/cloudplatformprojects.readonly","https://www.googleapis.com/auth/firebase","openid"]
[debug] [2021-01-11T21:20:31.833Z] >>> HTTP REQUEST POST https://www.googleapis.com/oauth2/v3/token  
 <request body omitted>
[debug] [2021-01-11T21:20:32.036Z] <<< HTTP RESPONSE 400
[debug] [2021-01-11T21:20:32.038Z] >>> HTTP REQUEST GET https://firebase.googleapis.com/v1beta1/projects?pageSize=100  
 
[debug] [2021-01-11T21:20:32.246Z] <<< HTTP RESPONSE 401
[debug] [2021-01-11T21:20:32.247Z] <<< HTTP RESPONSE BODY
[debug] [2021-01-11T21:20:32.250Z] HTTP Error: 401, Request had invalid authentication credentials. Expected OAuth 2 access token, login cookie or other valid authentication credential. See https://developers.google.com/identity/sign-in/web/devconsole-project.
[debug] [2021-01-11T21:20:32.445Z] FirebaseError: HTTP Error: 401, Request had invalid authentication credentials. Expected OAuth 2 access token, login cookie or other valid authentication credential. See https://developers.google.com/identity/sign-in/web/devconsole-project.
    at module.exports (/usr/local/lib/node_modules/firebase-tools/lib/responseToError.js:38:12)
    at Request._callback (/usr/local/lib/node_modules/firebase-tools/lib/api.js:40:35)
    at Request.self.callback (/usr/local/lib/node_modules/firebase-tools/node_modules/request/request.js:185:22)
    at Request.emit (events.js:311:20)
    at Request.EventEmitter.emit (domain.js:482:12)
    at Request.<anonymous> (/usr/local/lib/node_modules/firebase-tools/node_modules/request/request.js:1154:10)
    at Request.emit (events.js:311:20)
    at Request.EventEmitter.emit (domain.js:482:12)
    at IncomingMessage.<anonymous> (/usr/local/lib/node_modules/firebase-tools/node_modules/request/request.js:1076:12)
    at Object.onceWrapper (events.js:417:28)
    at IncomingMessage.emit (events.js:323:22)
    at IncomingMessage.EventEmitter.emit (domain.js:482:12)
    at endReadableNT (_stream_readable.js:1204:12)
    at processTicksAndRejections (internal/process/task_queues.js:84:21)
[error] 
[error] Error: Failed to list Firebase projects. See firebase-debug.log for more info.
